<?xml version="1.0" encoding="UTF-8"?>
<testsuite name="com.revature.service.UserServiceTest" tests="2" skipped="0" failures="0" errors="0" timestamp="2022-03-31T21:49:34" hostname="LAPTOP-B4F7R92J" time="1.256">
  <properties/>
  <testcase name="testUserLogin_NegativeLogin()" classname="com.revature.service.UserServiceTest" time="1.225"/>
  <testcase name="testUserLogin_Positive()" classname="com.revature.service.UserServiceTest" time="0.029"/>
  <system-out><![CDATA[]]></system-out>
  <system-err><![CDATA[]]></system-err>
</testsuite>
